0 info it worked if it ends with ok
1 verbose cli [
1 verbose cli   'C:\\Program Files (x86)\\Nodist\\v-x64\\14.15.0\\node.exe',
1 verbose cli   'C:\\Program Files (x86)\\Nodist\\npmv\\4.0.5\\bin\\npm-cli.js',
1 verbose cli   'install',
1 verbose cli   '-g',
1 verbose cli   'npm'
1 verbose cli ]
2 info using npm@4.0.5
3 info using node@v14.15.0
4 silly loadCurrentTree Starting
5 silly install loadCurrentTree
6 silly install readGlobalPackageData
7 silly fetchPackageMetaData npm
8 silly fetchNamedPackageData npm
9 silly mapToRegistry name npm
10 silly mapToRegistry using default registry
11 silly mapToRegistry registry https://registry.npmjs.org/
12 silly mapToRegistry data Result {
12 silly mapToRegistry   raw: 'npm',
12 silly mapToRegistry   scope: null,
12 silly mapToRegistry   escapedName: 'npm',
12 silly mapToRegistry   name: 'npm',
12 silly mapToRegistry   rawSpec: '',
12 silly mapToRegistry   spec: 'latest',
12 silly mapToRegistry   type: 'tag'
12 silly mapToRegistry }
13 silly mapToRegistry uri https://registry.npmjs.org/npm
14 verbose request uri https://registry.npmjs.org/npm
15 verbose request no auth needed
16 info attempt registry request try #1 at 12:00:15
17 verbose request id 25edda398589a206
18 http request GET https://registry.npmjs.org/npm
19 http 200 https://registry.npmjs.org/npm
20 verbose headers {
20 verbose headers   date: 'Thu, 12 Nov 2020 03:00:15 GMT',
20 verbose headers   'content-type': 'application/json',
20 verbose headers   'transfer-encoding': 'chunked',
20 verbose headers   connection: 'keep-alive',
20 verbose headers   'set-cookie': [
20 verbose headers     '__cfduid=d132fa53e22ef74301e0aa59512ed7ecd1605150015; expires=Sat, 12-Dec-20 03:00:15 GMT; path=/; domain=.npmjs.org; HttpOnly; SameSite=Lax'
20 verbose headers   ],
20 verbose headers   'cf-ray': '5f0d006a6f77ef96-NRT',
20 verbose headers   age: '1940',
20 verbose headers   'cache-control': 'public, max-age=300',
20 verbose headers   etag: 'W/"94bae3db286eca12cc067b44989e9e44"',
20 verbose headers   'last-modified': 'Tue, 10 Nov 2020 19:40:29 GMT',
20 verbose headers   vary: 'accept-encoding, accept',
20 verbose headers   'cf-cache-status': 'HIT',
20 verbose headers   'cf-request-id': '065bfe96820000ef96be3bd000000001',
20 verbose headers   'expect-ct': 'max-age=604800, report-uri="https://report-uri.cloudflare.com/cdn-cgi/beacon/expect-ct"',
20 verbose headers   server: 'cloudflare',
20 verbose headers   'content-encoding': 'gzip'
20 verbose headers }
21 silly get cb [
21 silly get   200,
21 silly get   {
21 silly get     date: 'Thu, 12 Nov 2020 03:00:15 GMT',
21 silly get     'content-type': 'application/json',
21 silly get     'transfer-encoding': 'chunked',
21 silly get     connection: 'keep-alive',
21 silly get     'set-cookie': [
21 silly get       '__cfduid=d132fa53e22ef74301e0aa59512ed7ecd1605150015; expires=Sat, 12-Dec-20 03:00:15 GMT; path=/; domain=.npmjs.org; HttpOnly; SameSite=Lax'
21 silly get     ],
21 silly get     'cf-ray': '5f0d006a6f77ef96-NRT',
21 silly get     age: '1940',
21 silly get     'cache-control': 'public, max-age=300',
21 silly get     etag: 'W/"94bae3db286eca12cc067b44989e9e44"',
21 silly get     'last-modified': 'Tue, 10 Nov 2020 19:40:29 GMT',
21 silly get     vary: 'accept-encoding, accept',
21 silly get     'cf-cache-status': 'HIT',
21 silly get     'cf-request-id': '065bfe96820000ef96be3bd000000001',
21 silly get     'expect-ct': 'max-age=604800, report-uri="https://report-uri.cloudflare.com/cdn-cgi/beacon/expect-ct"',
21 silly get     server: 'cloudflare',
21 silly get     'content-encoding': 'gzip'
21 silly get   }
21 silly get ]
22 verbose get saving npm to C:\Users\shinmura\AppData\Roaming\npm-cache\registry.npmjs.org\npm\.cache.json
23 verbose correctMkdir C:\Users\shinmura\AppData\Roaming\npm-cache correctMkdir not in flight; initializing
24 verbose makeDirectory C:\Users\shinmura\AppData\Roaming\npm-cache creation not in flight; initializing
25 verbose makeCacheDir UID & GID are irrelevant on win32
26 verbose stack TypeError: cb.apply is not a function
26 verbose stack     at C:\Program Files (x86)\Nodist\npmv\4.0.5\node_modules\graceful-fs\polyfills.js:287:18
26 verbose stack     at FSReqCallback.oncomplete (fs.js:184:5)
27 verbose cwd C:\Users\shinmura\Source\Repos\electron-neon-test
28 error Windows_NT 10.0.19042
29 error argv "C:\\Program Files (x86)\\Nodist\\v-x64\\14.15.0\\node.exe" "C:\\Program Files (x86)\\Nodist\\npmv\\4.0.5\\bin\\npm-cli.js" "install" "-g" "npm"
30 error node v14.15.0
31 error npm  v4.0.5
32 error cb.apply is not a function
33 error If you need help, you may report this error at:
33 error     <https://github.com/npm/npm/issues>
34 verbose exit [ 1, true ]
